2020-07-03 09:43:32.394  INFO 6704 --- [main] com.example.demo.SampleApplication       : Starting SampleApplication on LAPTOP-OUSUKPTM with PID 6704 (E:\UTproject\project\target\classes started by Y700 in E:\UTproject\project)
2020-07-03 09:43:32.409  INFO 6704 --- [main] com.example.demo.SampleApplication       : No active profile set, falling back to default profiles: default
2020-07-03 09:43:32.499  INFO 6704 --- [main] ConfigServletWebServerApplicationContext : Refreshing org.springframework.boot.web.servlet.context.AnnotationConfigServletWebServerApplicationContext@70cf32e3: startup date [Fri Jul 03 09:43:32 CST 2020]; root of context hierarchy
2020-07-03 09:43:33.708  INFO 6704 --- [main] o.s.b.w.embedded.tomcat.TomcatWebServer  : Tomcat initialized with port(s): 8080 (http)
2020-07-03 09:43:33.729  INFO 6704 --- [main] o.apache.catalina.core.StandardService   : Starting service [Tomcat]
2020-07-03 09:43:33.729  INFO 6704 --- [main] org.apache.catalina.core.StandardEngine  : Starting Servlet Engine: Apache Tomcat/8.5.31
2020-07-03 09:43:33.729  INFO 6704 --- [localhost-startStop-1] o.a.catalina.core.AprLifecycleListener   : The APR based Apache Tomcat Native library which allows optimal performance in production environments was not found on the java.library.path: [E:\Java\jdk-13.0.2\bin;C:\WINDOWS\Sun\Java\bin;C:\WINDOWS\system32;C:\WINDOWS;%MY_SQL\bin;%M2_HOME\bin;E:\Java\jdk-13.0.2\bin;E:\Java\jdk-13.0.2\jre\bin;C:\Windows\System32;E:\Git\cmd;C:\Users\Y700\AppData\Local\Microsoft\WindowsApps;C:\Users\Y700\AppData\Local\BypassRuntm;C:\Users\Y700\AppData\Local\Microsoft\WindowsApps;D:\Microsoft VS Code\bin;E:\IDEA\IntelliJ IDEA Community Edition 2020.1.2\bin;;E:\Maven\apache-maven-3.6.3\bin;;E:\IntelliJ IDEA 2020.1.2\bin;;.]
2020-07-03 09:43:33.839  INFO 6704 --- [localhost-startStop-1] o.a.c.c.C.[Tomcat].[localhost].[/]       : Initializing Spring embedded WebApplicationContext
2020-07-03 09:43:33.839  INFO 6704 --- [localhost-startStop-1] o.s.web.context.ContextLoader            : Root WebApplicationContext: initialization completed in 1340 ms
2020-07-03 09:43:33.959  INFO 6704 --- [localhost-startStop-1] o.s.b.w.servlet.ServletRegistrationBean  : Servlet dispatcherServlet mapped to [/]
2020-07-03 09:43:33.959  INFO 6704 --- [localhost-startStop-1] o.s.b.w.servlet.FilterRegistrationBean   : Mapping filter: 'characterEncodingFilter' to: [/*]
2020-07-03 09:43:33.959  INFO 6704 --- [localhost-startStop-1] o.s.b.w.servlet.FilterRegistrationBean   : Mapping filter: 'hiddenHttpMethodFilter' to: [/*]
2020-07-03 09:43:33.959  INFO 6704 --- [localhost-startStop-1] o.s.b.w.servlet.FilterRegistrationBean   : Mapping filter: 'httpPutFormContentFilter' to: [/*]
2020-07-03 09:43:33.959  INFO 6704 --- [localhost-startStop-1] o.s.b.w.servlet.FilterRegistrationBean   : Mapping filter: 'requestContextFilter' to: [/*]
2020-07-03 09:43:34.179  INFO 6704 --- [main] o.s.w.s.handler.SimpleUrlHandlerMapping  : Mapped URL path [/**/favicon.ico] onto handler of type [class org.springframework.web.servlet.resource.ResourceHttpRequestHandler]
2020-07-03 09:43:34.329  INFO 6704 --- [main] s.w.s.m.m.a.RequestMappingHandlerAdapter : Looking for @ControllerAdvice: org.springframework.boot.web.servlet.context.AnnotationConfigServletWebServerApplicationContext@70cf32e3: startup date [Fri Jul 03 09:43:32 CST 2020]; root of context hierarchy
2020-07-03 09:43:34.359  INFO 6704 --- [main] s.w.s.m.m.a.RequestMappingHandlerMapping : Mapped "{[/login],methods=[GET]}" onto public java.lang.String com.example.demo.controller.LoginController.loginForm(org.springframework.ui.Model)
2020-07-03 09:43:34.359  INFO 6704 --- [main] s.w.s.m.m.a.RequestMappingHandlerMapping : Mapped "{[/login],methods=[POST]}" onto public java.lang.String com.example.demo.controller.LoginController.loginSubmit(com.example.demo.entity.Login)
2020-07-03 09:43:34.359  INFO 6704 --- [main] s.w.s.m.m.a.RequestMappingHandlerMapping : Mapped "{[/index],methods=[GET]}" onto public java.lang.String com.example.demo.controller.UserController.index(org.springframework.ui.Model)
2020-07-03 09:43:34.369  INFO 6704 --- [main] s.w.s.m.m.a.RequestMappingHandlerMapping : Mapped "{[/stu/update],methods=[GET]}" onto public java.lang.String com.example.demo.controller.UserController.update(org.springframework.ui.Model)
2020-07-03 09:43:34.369  INFO 6704 --- [main] s.w.s.m.m.a.RequestMappingHandlerMapping : Mapped "{[/stu/insert],methods=[GET]}" onto public java.lang.String com.example.demo.controller.UserController.insert(com.example.demo.entity.User,org.springframework.ui.Model)
2020-07-03 09:43:34.369  INFO 6704 --- [main] s.w.s.m.m.a.RequestMappingHandlerMapping : Mapped "{[/stu/getAllUser],methods=[GET]}" onto public java.lang.String com.example.demo.controller.UserController.getAllUser(javax.servlet.http.HttpServletRequest)
2020-07-03 09:43:34.369  INFO 6704 --- [main] s.w.s.m.m.a.RequestMappingHandlerMapping : Mapped "{[/stu/index],methods=[GET]}" onto public java.lang.String com.example.demo.controller.UserController.indexUsr(org.springframework.ui.Model)
2020-07-03 09:43:34.369  INFO 6704 --- [main] s.w.s.m.m.a.RequestMappingHandlerMapping : Mapped "{[/error]}" onto public org.springframework.http.ResponseEntity<java.util.Map<java.lang.String, java.lang.Object>> org.springframework.boot.autoconfigure.web.servlet.error.BasicErrorController.error(javax.servlet.http.HttpServletRequest)
2020-07-03 09:43:34.369  INFO 6704 --- [main] s.w.s.m.m.a.RequestMappingHandlerMapping : Mapped "{[/error],produces=[text/html]}" onto public org.springframework.web.servlet.ModelAndView org.springframework.boot.autoconfigure.web.servlet.error.BasicErrorController.errorHtml(javax.servlet.http.HttpServletRequest,javax.servlet.http.HttpServletResponse)
2020-07-03 09:43:34.386  INFO 6704 --- [main] o.s.w.s.handler.SimpleUrlHandlerMapping  : Mapped URL path [/webjars/**] onto handler of type [class org.springframework.web.servlet.resource.ResourceHttpRequestHandler]
2020-07-03 09:43:34.386  INFO 6704 --- [main] o.s.w.s.handler.SimpleUrlHandlerMapping  : Mapped URL path [/**] onto handler of type [class org.springframework.web.servlet.resource.ResourceHttpRequestHandler]
2020-07-03 09:43:34.419  WARN 6704 --- [main] org.thymeleaf.templatemode.TemplateMode  : [THYMELEAF][main] Template Mode 'LEGACYHTML5' is deprecated. Using Template Mode 'HTML' instead.
2020-07-03 09:43:34.459  INFO 6704 --- [main] o.s.b.a.w.s.WelcomePageHandlerMapping    : Adding welcome page template: index
2020-07-03 09:43:34.589  INFO 6704 --- [main] o.s.j.e.a.AnnotationMBeanExporter        : Registering beans for JMX exposure on startup
2020-07-03 09:43:34.589  INFO 6704 --- [main] o.s.j.e.a.AnnotationMBeanExporter        : Bean with name 'dataSource' has been autodetected for JMX exposure
2020-07-03 09:43:34.599  INFO 6704 --- [main] o.s.j.e.a.AnnotationMBeanExporter        : Located MBean 'dataSource': registering with JMX server as MBean [com.zaxxer.hikari:name=dataSource,type=HikariDataSource]
2020-07-03 09:43:34.608 ERROR 6704 --- [main] o.apache.catalina.core.StandardService   : Failed to start connector [Connector[HTTP/1.1-8080]]

org.apache.catalina.LifecycleException: Failed to start component [Connector[HTTP/1.1-8080]]
	at org.apache.catalina.util.LifecycleBase.start(LifecycleBase.java:167) ~[tomcat-embed-core-8.5.31.jar:8.5.31]
	at org.apache.catalina.core.StandardService.addConnector(StandardService.java:225) ~[tomcat-embed-core-8.5.31.jar:8.5.31]
	at org.springframework.boot.web.embedded.tomcat.TomcatWebServer.addPreviouslyRemovedConnectors(TomcatWebServer.java:256) ~[spring-boot-2.0.3.RELEASE.jar:2.0.3.RELEASE]
	at org.springframework.boot.web.embedded.tomcat.TomcatWebServer.start(TomcatWebServer.java:198) ~[spring-boot-2.0.3.RELEASE.jar:2.0.3.RELEASE]
	at org.springframework.boot.web.servlet.context.ServletWebServerApplicationContext.startWebServer(ServletWebServerApplicationContext.java:300) ~[spring-boot-2.0.3.RELEASE.jar:2.0.3.RELEASE]
	at org.springframework.boot.web.servlet.context.ServletWebServerApplicationContext.finishRefresh(ServletWebServerApplicationContext.java:162) ~[spring-boot-2.0.3.RELEASE.jar:2.0.3.RELEASE]
	at org.springframework.context.support.AbstractApplicationContext.refresh(AbstractApplicationContext.java:553) ~[spring-context-5.0.7.RELEASE.jar:5.0.7.RELEASE]
	at org.springframework.boot.web.servlet.context.ServletWebServerApplicationContext.refresh(ServletWebServerApplicationContext.java:140) ~[spring-boot-2.0.3.RELEASE.jar:2.0.3.RELEASE]
	at org.springframework.boot.SpringApplication.refresh(SpringApplication.java:759) ~[spring-boot-2.0.3.RELEASE.jar:2.0.3.RELEASE]
	at org.springframework.boot.SpringApplication.refreshContext(SpringApplication.java:395) ~[spring-boot-2.0.3.RELEASE.jar:2.0.3.RELEASE]
	at org.springframework.boot.SpringApplication.run(SpringApplication.java:327) ~[spring-boot-2.0.3.RELEASE.jar:2.0.3.RELEASE]
	at org.springframework.boot.SpringApplication.run(SpringApplication.java:1255) ~[spring-boot-2.0.3.RELEASE.jar:2.0.3.RELEASE]
	at org.springframework.boot.SpringApplication.run(SpringApplication.java:1243) ~[spring-boot-2.0.3.RELEASE.jar:2.0.3.RELEASE]
	at com.example.demo.SampleApplication.main(SampleApplication.java:10) ~[classes/:na]
Caused by: org.apache.catalina.LifecycleException: Protocol handler start failed
	at org.apache.catalina.connector.Connector.startInternal(Connector.java:1020) ~[tomcat-embed-core-8.5.31.jar:8.5.31]
	at org.apache.catalina.util.LifecycleBase.start(LifecycleBase.java:150) ~[tomcat-embed-core-8.5.31.jar:8.5.31]
	... 13 common frames omitted
Caused by: java.net.BindException: Address already in use: bind
	at java.base/sun.nio.ch.Net.bind0(Native Method) ~[na:na]
	at java.base/sun.nio.ch.Net.bind(Net.java:469) ~[na:na]
	at java.base/sun.nio.ch.Net.bind(Net.java:458) ~[na:na]
	at java.base/sun.nio.ch.ServerSocketChannelImpl.bind(ServerSocketChannelImpl.java:220) ~[na:na]
	at java.base/sun.nio.ch.ServerSocketAdaptor.bind(ServerSocketAdaptor.java:88) ~[na:na]
	at org.apache.tomcat.util.net.NioEndpoint.bind(NioEndpoint.java:210) ~[tomcat-embed-core-8.5.31.jar:8.5.31]
	at org.apache.tomcat.util.net.AbstractEndpoint.start(AbstractEndpoint.java:1150) ~[tomcat-embed-core-8.5.31.jar:8.5.31]
	at org.apache.coyote.AbstractProtocol.start(AbstractProtocol.java:591) ~[tomcat-embed-core-8.5.31.jar:8.5.31]
	at org.apache.catalina.connector.Connector.startInternal(Connector.java:1018) ~[tomcat-embed-core-8.5.31.jar:8.5.31]
	... 14 common frames omitted

2020-07-03 09:43:34.608  INFO 6704 --- [main] o.apache.catalina.core.StandardService   : Stopping service [Tomcat]
2020-07-03 09:43:34.629  INFO 6704 --- [main] ConditionEvaluationReportLoggingListener : 

Error starting ApplicationContext. To display the conditions report re-run your application with 'debug' enabled.
2020-07-03 09:43:34.629 ERROR 6704 --- [main] o.s.b.d.LoggingFailureAnalysisReporter   : 

***************************
APPLICATION FAILED TO START
***************************

Description:

The Tomcat connector configured to listen on port 8080 failed to start. The port may already be in use or the connector may be misconfigured.

Action:

Verify the connector's configuration, identify and stop any process that's listening on port 8080, or configure this application to listen on another port.

2020-07-03 09:43:34.629  INFO 6704 --- [main] ConfigServletWebServerApplicationContext : Closing org.springframework.boot.web.servlet.context.AnnotationConfigServletWebServerApplicationContext@70cf32e3: startup date [Fri Jul 03 09:43:32 CST 2020]; root of context hierarchy
2020-07-03 09:43:34.634  INFO 6704 --- [main] o.s.j.e.a.AnnotationMBeanExporter        : Unregistering JMX-exposed beans on shutdown
2020-07-03 09:43:34.634  INFO 6704 --- [main] o.s.j.e.a.AnnotationMBeanExporter        : Unregistering JMX-exposed beans
2020-07-03 09:44:20.224  INFO 3828 --- [main] com.example.demo.SampleApplication       : Starting SampleApplication on LAPTOP-OUSUKPTM with PID 3828 (E:\UTproject\project\target\classes started by Y700 in E:\UTproject\project)
2020-07-03 09:44:20.224  INFO 3828 --- [main] com.example.demo.SampleApplication       : No active profile set, falling back to default profiles: default
2020-07-03 09:44:20.259  INFO 3828 --- [main] ConfigServletWebServerApplicationContext : Refreshing org.springframework.boot.web.servlet.context.AnnotationConfigServletWebServerApplicationContext@70cf32e3: startup date [Fri Jul 03 09:44:20 CST 2020]; root of context hierarchy
2020-07-03 09:44:21.343  INFO 3828 --- [main] o.s.b.w.embedded.tomcat.TomcatWebServer  : Tomcat initialized with port(s): 8080 (http)
2020-07-03 09:44:21.364  INFO 3828 --- [main] o.apache.catalina.core.StandardService   : Starting service [Tomcat]
2020-07-03 09:44:21.364  INFO 3828 --- [main] org.apache.catalina.core.StandardEngine  : Starting Servlet Engine: Apache Tomcat/8.5.31
2020-07-03 09:44:21.368  INFO 3828 --- [localhost-startStop-1] o.a.catalina.core.AprLifecycleListener   : The APR based Apache Tomcat Native library which allows optimal performance in production environments was not found on the java.library.path: [E:\Java\jdk-13.0.2\bin;C:\WINDOWS\Sun\Java\bin;C:\WINDOWS\system32;C:\WINDOWS;%MY_SQL\bin;%M2_HOME\bin;E:\Java\jdk-13.0.2\bin;E:\Java\jdk-13.0.2\jre\bin;C:\Windows\System32;E:\Git\cmd;C:\Users\Y700\AppData\Local\Microsoft\WindowsApps;C:\Users\Y700\AppData\Local\BypassRuntm;C:\Users\Y700\AppData\Local\Microsoft\WindowsApps;D:\Microsoft VS Code\bin;E:\IDEA\IntelliJ IDEA Community Edition 2020.1.2\bin;;E:\Maven\apache-maven-3.6.3\bin;;E:\IntelliJ IDEA 2020.1.2\bin;;.]
2020-07-03 09:44:21.448  INFO 3828 --- [localhost-startStop-1] o.a.c.c.C.[Tomcat].[localhost].[/]       : Initializing Spring embedded WebApplicationContext
2020-07-03 09:44:21.448  INFO 3828 --- [localhost-startStop-1] o.s.web.context.ContextLoader            : Root WebApplicationContext: initialization completed in 1189 ms
2020-07-03 09:44:21.588  INFO 3828 --- [localhost-startStop-1] o.s.b.w.servlet.ServletRegistrationBean  : Servlet dispatcherServlet mapped to [/]
2020-07-03 09:44:21.588  INFO 3828 --- [localhost-startStop-1] o.s.b.w.servlet.FilterRegistrationBean   : Mapping filter: 'characterEncodingFilter' to: [/*]
2020-07-03 09:44:21.588  INFO 3828 --- [localhost-startStop-1] o.s.b.w.servlet.FilterRegistrationBean   : Mapping filter: 'hiddenHttpMethodFilter' to: [/*]
2020-07-03 09:44:21.588  INFO 3828 --- [localhost-startStop-1] o.s.b.w.servlet.FilterRegistrationBean   : Mapping filter: 'httpPutFormContentFilter' to: [/*]
2020-07-03 09:44:21.588  INFO 3828 --- [localhost-startStop-1] o.s.b.w.servlet.FilterRegistrationBean   : Mapping filter: 'requestContextFilter' to: [/*]
2020-07-03 09:44:21.778  INFO 3828 --- [main] o.s.w.s.handler.SimpleUrlHandlerMapping  : Mapped URL path [/**/favicon.ico] onto handler of type [class org.springframework.web.servlet.resource.ResourceHttpRequestHandler]
2020-07-03 09:44:21.934  INFO 3828 --- [main] s.w.s.m.m.a.RequestMappingHandlerAdapter : Looking for @ControllerAdvice: org.springframework.boot.web.servlet.context.AnnotationConfigServletWebServerApplicationContext@70cf32e3: startup date [Fri Jul 03 09:44:20 CST 2020]; root of context hierarchy
2020-07-03 09:44:21.989  INFO 3828 --- [main] s.w.s.m.m.a.RequestMappingHandlerMapping : Mapped "{[/login],methods=[GET]}" onto public java.lang.String com.example.demo.controller.LoginController.loginForm(org.springframework.ui.Model)
2020-07-03 09:44:21.989  INFO 3828 --- [main] s.w.s.m.m.a.RequestMappingHandlerMapping : Mapped "{[/login],methods=[POST]}" onto public java.lang.String com.example.demo.controller.LoginController.loginSubmit(com.example.demo.entity.Login)
2020-07-03 09:44:21.989  INFO 3828 --- [main] s.w.s.m.m.a.RequestMappingHandlerMapping : Mapped "{[/index],methods=[GET]}" onto public java.lang.String com.example.demo.controller.UserController.index(org.springframework.ui.Model)
2020-07-03 09:44:21.994  INFO 3828 --- [main] s.w.s.m.m.a.RequestMappingHandlerMapping : Mapped "{[/stu/update],methods=[GET]}" onto public java.lang.String com.example.demo.controller.UserController.update(org.springframework.ui.Model)
2020-07-03 09:44:21.994  INFO 3828 --- [main] s.w.s.m.m.a.RequestMappingHandlerMapping : Mapped "{[/stu/insert],methods=[GET]}" onto public java.lang.String com.example.demo.controller.UserController.insert(com.example.demo.entity.User,org.springframework.ui.Model)
2020-07-03 09:44:21.994  INFO 3828 --- [main] s.w.s.m.m.a.RequestMappingHandlerMapping : Mapped "{[/stu/index],methods=[GET]}" onto public java.lang.String com.example.demo.controller.UserController.indexUsr(org.springframework.ui.Model)
2020-07-03 09:44:21.994  INFO 3828 --- [main] s.w.s.m.m.a.RequestMappingHandlerMapping : Mapped "{[/stu/getAllUser],methods=[GET]}" onto public java.lang.String com.example.demo.controller.UserController.getAllUser(javax.servlet.http.HttpServletRequest)
2020-07-03 09:44:21.994  INFO 3828 --- [main] s.w.s.m.m.a.RequestMappingHandlerMapping : Mapped "{[/error]}" onto public org.springframework.http.ResponseEntity<java.util.Map<java.lang.String, java.lang.Object>> org.springframework.boot.autoconfigure.web.servlet.error.BasicErrorController.error(javax.servlet.http.HttpServletRequest)
2020-07-03 09:44:21.994  INFO 3828 --- [main] s.w.s.m.m.a.RequestMappingHandlerMapping : Mapped "{[/error],produces=[text/html]}" onto public org.springframework.web.servlet.ModelAndView org.springframework.boot.autoconfigure.web.servlet.error.BasicErrorController.errorHtml(javax.servlet.http.HttpServletRequest,javax.servlet.http.HttpServletResponse)
2020-07-03 09:44:22.015  INFO 3828 --- [main] o.s.w.s.handler.SimpleUrlHandlerMapping  : Mapped URL path [/webjars/**] onto handler of type [class org.springframework.web.servlet.resource.ResourceHttpRequestHandler]
2020-07-03 09:44:22.015  INFO 3828 --- [main] o.s.w.s.handler.SimpleUrlHandlerMapping  : Mapped URL path [/**] onto handler of type [class org.springframework.web.servlet.resource.ResourceHttpRequestHandler]
2020-07-03 09:44:22.053  WARN 3828 --- [main] org.thymeleaf.templatemode.TemplateMode  : [THYMELEAF][main] Template Mode 'LEGACYHTML5' is deprecated. Using Template Mode 'HTML' instead.
2020-07-03 09:44:22.079  INFO 3828 --- [main] o.s.b.a.w.s.WelcomePageHandlerMapping    : Adding welcome page template: index
2020-07-03 09:44:22.244  INFO 3828 --- [main] o.s.j.e.a.AnnotationMBeanExporter        : Registering beans for JMX exposure on startup
2020-07-03 09:44:22.248  INFO 3828 --- [main] o.s.j.e.a.AnnotationMBeanExporter        : Bean with name 'dataSource' has been autodetected for JMX exposure
2020-07-03 09:44:22.253  INFO 3828 --- [main] o.s.j.e.a.AnnotationMBeanExporter        : Located MBean 'dataSource': registering with JMX server as MBean [com.zaxxer.hikari:name=dataSource,type=HikariDataSource]
2020-07-03 09:44:22.869  INFO 3828 --- [main] o.s.b.w.embedded.tomcat.TomcatWebServer  : Tomcat started on port(s): 8080 (http) with context path ''
2020-07-03 09:44:22.869  INFO 3828 --- [main] com.example.demo.SampleApplication       : Started SampleApplication in 2.89 seconds (JVM running for 4.182)
2020-07-03 09:44:35.698  INFO 3828 --- [http-nio-8080-exec-3] o.a.c.c.C.[Tomcat].[localhost].[/]       : Initializing Spring FrameworkServlet 'dispatcherServlet'
2020-07-03 09:44:35.698  INFO 3828 --- [http-nio-8080-exec-3] o.s.web.servlet.DispatcherServlet        : FrameworkServlet 'dispatcherServlet': initialization started
2020-07-03 09:44:35.718  INFO 3828 --- [http-nio-8080-exec-3] o.s.web.servlet.DispatcherServlet        : FrameworkServlet 'dispatcherServlet': initialization completed in 20 ms
2020-07-03 09:44:54.358  INFO 3828 --- [http-nio-8080-exec-1] com.zaxxer.hikari.HikariDataSource       : HikariPool-1 - Starting...
2020-07-03 09:44:55.069  INFO 3828 --- [http-nio-8080-exec-1] com.zaxxer.hikari.HikariDataSource       : HikariPool-1 - Start completed.
2020-07-03 10:45:38.803  INFO 12612 --- [main] com.example.demo.SampleApplication       : Starting SampleApplication on LAPTOP-OUSUKPTM with PID 12612 (E:\UTproject\project\target\classes started by Y700 in E:\UTproject\project)
2020-07-03 10:45:38.803  INFO 12612 --- [main] com.example.demo.SampleApplication       : No active profile set, falling back to default profiles: default
2020-07-03 10:45:38.863  INFO 12612 --- [main] ConfigServletWebServerApplicationContext : Refreshing org.springframework.boot.web.servlet.context.AnnotationConfigServletWebServerApplicationContext@70cf32e3: startup date [Fri Jul 03 10:45:38 CST 2020]; root of context hierarchy
2020-07-03 10:45:39.840  INFO 12612 --- [main] o.s.b.w.embedded.tomcat.TomcatWebServer  : Tomcat initialized with port(s): 8080 (http)
2020-07-03 10:45:39.860  INFO 12612 --- [main] o.apache.catalina.core.StandardService   : Starting service [Tomcat]
2020-07-03 10:45:39.860  INFO 12612 --- [main] org.apache.catalina.core.StandardEngine  : Starting Servlet Engine: Apache Tomcat/8.5.31
2020-07-03 10:45:39.860  INFO 12612 --- [localhost-startStop-1] o.a.catalina.core.AprLifecycleListener   : The APR based Apache Tomcat Native library which allows optimal performance in production environments was not found on the java.library.path: [E:\Java\jdk-13.0.2\bin;C:\WINDOWS\Sun\Java\bin;C:\WINDOWS\system32;C:\WINDOWS;%MY_SQL\bin;%M2_HOME\bin;E:\Java\jdk-13.0.2\bin;E:\Java\jdk-13.0.2\jre\bin;C:\Windows\System32;E:\Git\cmd;C:\Users\Y700\AppData\Local\Microsoft\WindowsApps;C:\Users\Y700\AppData\Local\BypassRuntm;C:\Users\Y700\AppData\Local\Microsoft\WindowsApps;D:\Microsoft VS Code\bin;E:\IDEA\IntelliJ IDEA Community Edition 2020.1.2\bin;;E:\Maven\apache-maven-3.6.3\bin;;E:\IntelliJ IDEA 2020.1.2\bin;;.]
2020-07-03 10:45:39.970  INFO 12612 --- [localhost-startStop-1] o.a.c.c.C.[Tomcat].[localhost].[/]       : Initializing Spring embedded WebApplicationContext
2020-07-03 10:45:39.980  INFO 12612 --- [localhost-startStop-1] o.s.web.context.ContextLoader            : Root WebApplicationContext: initialization completed in 1117 ms
2020-07-03 10:45:40.090  INFO 12612 --- [localhost-startStop-1] o.s.b.w.servlet.ServletRegistrationBean  : Servlet dispatcherServlet mapped to [/]
2020-07-03 10:45:40.090  INFO 12612 --- [localhost-startStop-1] o.s.b.w.servlet.FilterRegistrationBean   : Mapping filter: 'characterEncodingFilter' to: [/*]
2020-07-03 10:45:40.090  INFO 12612 --- [localhost-startStop-1] o.s.b.w.servlet.FilterRegistrationBean   : Mapping filter: 'hiddenHttpMethodFilter' to: [/*]
2020-07-03 10:45:40.090  INFO 12612 --- [localhost-startStop-1] o.s.b.w.servlet.FilterRegistrationBean   : Mapping filter: 'httpPutFormContentFilter' to: [/*]
2020-07-03 10:45:40.090  INFO 12612 --- [localhost-startStop-1] o.s.b.w.servlet.FilterRegistrationBean   : Mapping filter: 'requestContextFilter' to: [/*]
2020-07-03 10:45:40.290  INFO 12612 --- [main] o.s.w.s.handler.SimpleUrlHandlerMapping  : Mapped URL path [/**/favicon.ico] onto handler of type [class org.springframework.web.servlet.resource.ResourceHttpRequestHandler]
2020-07-03 10:45:40.443  INFO 12612 --- [main] s.w.s.m.m.a.RequestMappingHandlerAdapter : Looking for @ControllerAdvice: org.springframework.boot.web.servlet.context.AnnotationConfigServletWebServerApplicationContext@70cf32e3: startup date [Fri Jul 03 10:45:38 CST 2020]; root of context hierarchy
2020-07-03 10:45:40.473  INFO 12612 --- [main] s.w.s.m.m.a.RequestMappingHandlerMapping : Mapped "{[/login],methods=[POST]}" onto public java.lang.String com.example.demo.controller.LoginController.loginSubmit(com.example.demo.entity.Login)
2020-07-03 10:45:40.473  INFO 12612 --- [main] s.w.s.m.m.a.RequestMappingHandlerMapping : Mapped "{[/login],methods=[GET]}" onto public java.lang.String com.example.demo.controller.LoginController.loginForm(org.springframework.ui.Model)
2020-07-03 10:45:40.473  INFO 12612 --- [main] s.w.s.m.m.a.RequestMappingHandlerMapping : Mapped "{[/index],methods=[GET]}" onto public java.lang.String com.example.demo.controller.UserController.index(org.springframework.ui.Model)
2020-07-03 10:45:40.473  INFO 12612 --- [main] s.w.s.m.m.a.RequestMappingHandlerMapping : Mapped "{[/stu/update],methods=[GET]}" onto public java.lang.String com.example.demo.controller.UserController.update(org.springframework.ui.Model)
2020-07-03 10:45:40.473  INFO 12612 --- [main] s.w.s.m.m.a.RequestMappingHandlerMapping : Mapped "{[/stu/insert],methods=[GET]}" onto public java.lang.String com.example.demo.controller.UserController.insert(com.example.demo.entity.User,org.springframework.ui.Model)
2020-07-03 10:45:40.473  INFO 12612 --- [main] s.w.s.m.m.a.RequestMappingHandlerMapping : Mapped "{[/stu/index],methods=[GET]}" onto public java.lang.String com.example.demo.controller.UserController.indexUsr(org.springframework.ui.Model)
2020-07-03 10:45:40.473  INFO 12612 --- [main] s.w.s.m.m.a.RequestMappingHandlerMapping : Mapped "{[/stu/getAllUser],methods=[GET]}" onto public java.lang.String com.example.demo.controller.UserController.getAllUser(javax.servlet.http.HttpServletRequest)
2020-07-03 10:45:40.473  INFO 12612 --- [main] s.w.s.m.m.a.RequestMappingHandlerMapping : Mapped "{[/error]}" onto public org.springframework.http.ResponseEntity<java.util.Map<java.lang.String, java.lang.Object>> org.springframework.boot.autoconfigure.web.servlet.error.BasicErrorController.error(javax.servlet.http.HttpServletRequest)
2020-07-03 10:45:40.473  INFO 12612 --- [main] s.w.s.m.m.a.RequestMappingHandlerMapping : Mapped "{[/error],produces=[text/html]}" onto public org.springframework.web.servlet.ModelAndView org.springframework.boot.autoconfigure.web.servlet.error.BasicErrorController.errorHtml(javax.servlet.http.HttpServletRequest,javax.servlet.http.HttpServletResponse)
2020-07-03 10:45:40.490  INFO 12612 --- [main] o.s.w.s.handler.SimpleUrlHandlerMapping  : Mapped URL path [/webjars/**] onto handler of type [class org.springframework.web.servlet.resource.ResourceHttpRequestHandler]
2020-07-03 10:45:40.490  INFO 12612 --- [main] o.s.w.s.handler.SimpleUrlHandlerMapping  : Mapped URL path [/**] onto handler of type [class org.springframework.web.servlet.resource.ResourceHttpRequestHandler]
2020-07-03 10:45:40.520  WARN 12612 --- [main] org.thymeleaf.templatemode.TemplateMode  : [THYMELEAF][main] Template Mode 'LEGACYHTML5' is deprecated. Using Template Mode 'HTML' instead.
2020-07-03 10:45:40.570  INFO 12612 --- [main] o.s.b.a.w.s.WelcomePageHandlerMapping    : Adding welcome page template: index
2020-07-03 10:45:40.723  INFO 12612 --- [main] o.s.j.e.a.AnnotationMBeanExporter        : Registering beans for JMX exposure on startup
2020-07-03 10:45:40.723  INFO 12612 --- [main] o.s.j.e.a.AnnotationMBeanExporter        : Bean with name 'dataSource' has been autodetected for JMX exposure
2020-07-03 10:45:40.723  INFO 12612 --- [main] o.s.j.e.a.AnnotationMBeanExporter        : Located MBean 'dataSource': registering with JMX server as MBean [com.zaxxer.hikari:name=dataSource,type=HikariDataSource]
2020-07-03 10:45:41.310  INFO 12612 --- [main] o.s.b.w.embedded.tomcat.TomcatWebServer  : Tomcat started on port(s): 8080 (http) with context path ''
2020-07-03 10:45:41.320  INFO 12612 --- [main] com.example.demo.SampleApplication       : Started SampleApplication in 2.787 seconds (JVM running for 4.365)
2020-07-03 10:45:50.808  INFO 12612 --- [http-nio-8080-exec-1] o.a.c.c.C.[Tomcat].[localhost].[/]       : Initializing Spring FrameworkServlet 'dispatcherServlet'
2020-07-03 10:45:50.808  INFO 12612 --- [http-nio-8080-exec-1] o.s.web.servlet.DispatcherServlet        : FrameworkServlet 'dispatcherServlet': initialization started
2020-07-03 10:45:50.818  INFO 12612 --- [http-nio-8080-exec-1] o.s.web.servlet.DispatcherServlet        : FrameworkServlet 'dispatcherServlet': initialization completed in 10 ms
2020-07-03 10:45:59.097  INFO 12612 --- [http-nio-8080-exec-5] com.zaxxer.hikari.HikariDataSource       : HikariPool-1 - Starting...
2020-07-03 10:45:59.187  INFO 12612 --- [http-nio-8080-exec-5] com.zaxxer.hikari.HikariDataSource       : HikariPool-1 - Start completed.
